#
# A fatal error has been detected by the Java Runtime Environment:
#
#  EXCEPTION_ACCESS_VIOLATION (0xc0000005) at pc=0x000000002f727457, pid=4160, tid=3608
#
# JRE version: 7.0_05-b06
# Java VM: Java HotSpot(TM) 64-Bit Server VM (23.1-b03 mixed mode windows-amd64 compressed oops)
# Problematic frame:
# C  [Flash64_16_0_0_305.ocx+0x2a7457]  DllUnregisterServer+0x26a57
#
# Failed to write core dump. Minidumps are not enabled by default on client versions of Windows
#
# If you would like to submit a bug report, please visit:
#   http://bugreport.sun.com/bugreport/crash.jsp
# The crash happened outside the Java Virtual Machine in native code.
# See problematic frame for where to report the bug.
#

---------------  T H R E A D  ---------------

Current thread (0x00000000021ae800):  JavaThread "main" [_thread_in_native, id=3608, stack(0x00000000023b0000,0x00000000024b0000)]

siginfo: ExceptionCode=0xc0000005, writing address 0x00000000ff9c6460

Registers:
RAX=0x0000000000000000, RBX=0x00000000ff9ea0b0, RCX=0x00000000774e908a, RDX=0x0000000000000000
RSP=0x00000000024aeef0, RBP=0x0000000000000000, RSI=0x00000000ff81ec70, RDI=0x00000000ff9c5000
R8 =0x00000000024aee98, R9 =0x0000000000000000, R10=0x0000000000000000, R11=0x0000000000000000
R12=0x0000000000000001, R13=0x00000000ff9c56c8, R14=0x0000000000000000, R15=0x0000000000170074
RIP=0x000000002f727457, EFLAGS=0x0000000000010246

Top of Stack: (sp=0x00000000024aeef0)
0x00000000024aeef0:   000007ffff9ea0b0 0000000000000000
0x00000000024aef00:   000007ffff81ec70 000007ffff9ea0b0
0x00000000024aef10:   000007ff00000000 000000002fc7c0b6
0x00000000024aef20:   0000018600000280 0000028000000000
0x00000000024aef30:   0000018600000000 000007fee158017b
0x00000000024aef40:   0000000013fe99e8 000000002f7492b6
0x00000000024aef50:   00000000024aefe0 00000000024aefb8
0x00000000024aef60:   0000000000000000 0000000000000000
0x00000000024aef70:   0000000013fe99e8 000000002f73128b
0x00000000024aef80:   000007fffef99000 0000000000000001
0x00000000024aef90:   00000000024af220 0000000013fe9980
0x00000000024aefa0:   00000000024af1b0 000007fe00475798
0x00000000024aefb0:   000000006c724fb2 00000000305b9900
0x00000000024aefc0:   0000000000000000 0000000000000000
0x00000000024aefd0:   0000000000000000 0000000000000000
0x00000000024aefe0:   00000000024aef80 0000000000000000 

Instructions: (pc=0x000000002f727457)
0x000000002f727437:   41 b8 01 04 00 00 48 8d 4c 24 48 45 8b c8 48 8b
0x000000002f727447:   d0 89 6c 24 20 ff 15 c6 a9 d3 00 3b c5 0f 95 c0
0x000000002f727457:   88 87 60 14 00 00 4c 8d 9c 24 80 00 00 00 33 c0
0x000000002f727467:   49 8b 5b 10 49 8b 6b 18 49 8b 73 20 49 8b 7b 28 


Register to memory mapping:

RAX=0x0000000000000000 is an unknown value
RBX=0x00000000ff9ea0b0 is an unknown value
RCX=0x00000000774e908a is an unknown value
RDX=0x0000000000000000 is an unknown value
RSP=0x00000000024aeef0 is pointing into the stack for thread: 0x00000000021ae800
RBP=0x0000000000000000 is an unknown value
RSI=0x00000000ff81ec70 is an unknown value
RDI=0x00000000ff9c5000 is an unknown value
R8 =0x00000000024aee98 is pointing into the stack for thread: 0x00000000021ae800
R9 =0x0000000000000000 is an unknown value
R10=0x0000000000000000 is an unknown value
R11=0x0000000000000000 is an unknown value
R12=0x0000000000000001 is an unknown value
R13=0x00000000ff9c56c8 is an unknown value
R14=0x0000000000000000 is an unknown value
R15=0x0000000000170074 is an unknown value


Stack: [0x00000000023b0000,0x00000000024b0000],  sp=0x00000000024aeef0,  free space=1019k
Native frames: (J=compiled Java code, j=interpreted, Vv=VM code, C=native code)
C  [Flash64_16_0_0_305.ocx+0x2a7457]  DllUnregisterServer+0x26a57

[error occurred during error reporting (printing native stack), id 0xc0000005]

Java frames: (J=compiled Java code, j=interpreted, Vv=VM code)
j  org.eclipse.swt.internal.win32.OS.DispatchMessageW(Lorg/eclipse/swt/internal/win32/MSG;)J+0
j  org.eclipse.swt.internal.win32.OS.DispatchMessage(Lorg/eclipse/swt/internal/win32/MSG;)J+7
j  org.eclipse.swt.widgets.Display.readAndDispatch()Z+64
j  chrriis.dj.nativeswing.swtimpl.core.SWTNativeInterface$OutProcess.runNativeSide([Ljava/lang/String;)V+537
j  chrriis.dj.nativeswing.swtimpl.core.SWTNativeInterface.main_([Ljava/lang/String;)V+1
j  chrriis.dj.nativeswing.swtimpl.NativeInterface.main([Ljava/lang/String;)V+7
v  ~StubRoutines::call_stub

---------------  P R O C E S S  ---------------

Java Threads: ( => current thread )
  0x000000000a1a4800 JavaThread "NativeSwing[1] Non-UI Message [9] Executor" daemon [_thread_blocked, id=9392, stack(0x00000000170a0000,0x00000000171a0000)]
  0x000000000c1a0800 JavaThread "Registry cleanup thread-0" daemon [_thread_blocked, id=4140, stack(0x000000000e940000,0x000000000ea40000)]
  0x000000000be5c000 JavaThread "NativeSwing[1] SWT Receiver" daemon [_thread_in_native, id=8540, stack(0x000000000c9b0000,0x000000000cab0000)]
  0x000000000a17c000 JavaThread "Service Thread" daemon [_thread_blocked, id=872, stack(0x000000000bd00000,0x000000000be00000)]
  0x000000000a170800 JavaThread "C2 CompilerThread1" daemon [_thread_blocked, id=9936, stack(0x000000000b4b0000,0x000000000b5b0000)]
  0x000000000a15c000 JavaThread "C2 CompilerThread0" daemon [_thread_blocked, id=9920, stack(0x000000000ba80000,0x000000000bb80000)]
  0x000000000a157000 JavaThread "Attach Listener" daemon [_thread_blocked, id=5532, stack(0x000000000b910000,0x000000000ba10000)]
  0x000000000a150000 JavaThread "Signal Dispatcher" daemon [_thread_blocked, id=2376, stack(0x000000000b700000,0x000000000b800000)]
  0x0000000002146800 JavaThread "Finalizer" daemon [_thread_blocked, id=9604, stack(0x000000000b5d0000,0x000000000b6d0000)]
  0x000000000213f800 JavaThread "Reference Handler" daemon [_thread_blocked, id=8512, stack(0x000000000b310000,0x000000000b410000)]
=>0x00000000021ae800 JavaThread "main" [_thread_in_native, id=3608, stack(0x00000000023b0000,0x00000000024b0000)]

Other Threads:
  0x000000000a0d3800 VMThread [stack: 0x000000000b130000,0x000000000b230000] [id=10032]
  0x000000000a185000 WatcherThread [stack: 0x000000000bc00000,0x000000000bd00000] [id=6116]

VM state:not at safepoint (normal execution)

VM Mutex/Monitor currently owned by a thread: None

Heap
 PSYoungGen      total 28224K, used 12642K [0x00000000e0760000, 0x00000000e26e0000, 0x0000000000000000)
  eden space 24192K, 52% used [0x00000000e0760000,0x00000000e13b8ba0,0x00000000e1f00000)
  from space 4032K, 0% used [0x00000000e22f0000,0x00000000e22f0000,0x00000000e26e0000)
  to   space 4032K, 0% used [0x00000000e1f00000,0x00000000e1f00000,0x00000000e22f0000)
 ParOldGen       total 64576K, used 0K [0x00000000a1600000, 0x00000000a5510000, 0x00000000e0760000)
  object space 64576K, 0% used [0x00000000a1600000,0x00000000a1600000,0x00000000a5510000)
 PSPermGen       total 21248K, used 7449K [0x000000009c400000, 0x000000009d8c0000, 0x00000000a1600000)
  object space 21248K, 35% used [0x000000009c400000,0x000000009cb464d0,0x000000009d8c0000)

Code Cache  [0x00000000024b0000, 0x0000000002720000, 0x00000000054b0000)
 total_blobs=478 nmethods=22 adapters=408 free_code_cache=48585Kb largest_free_block=49737664

Compilation events (10 events):
Event: 2.636 Thread 0x000000000a15c000 nmethod 15 0x000000000252dc10 code [0x000000000252dd40, 0x000000000252df78]
Event: 2.662 Thread 0x000000000a170800 nmethod 13 0x000000000252c210 code [0x000000000252c3e0, 0x000000000252d130]
Event: 2.970 Thread 0x000000000a15c000   17             sun.net.www.ParseUtil::encodePath (336 bytes)
Event: 3.014 Thread 0x000000000a170800   18             java.lang.String::length (5 bytes)
Event: 3.014 Thread 0x000000000a170800 nmethod 18 0x000000000252e050 code [0x000000000252e180, 0x000000000252e1d8]
Event: 3.090 Thread 0x000000000a15c000 nmethod 17 0x0000000002535b50 code [0x0000000002535da0, 0x0000000002536c28]
Event: 3.978 Thread 0x000000000a170800   19             sun.security.provider.SHA::implCompress (491 bytes)
Event: 4.043 Thread 0x000000000a170800 nmethod 19 0x0000000002540310 code [0x0000000002540460, 0x0000000002540e28]
Event: 13.943 Thread 0x000000000a15c000   21             org.eclipse.swt.internal.ole.win32.GUID::<init> (13 bytes)
Event: 13.945 Thread 0x000000000a15c000 nmethod 21 0x000000000253cf90 code [0x000000000253d0e0, 0x000000000253d1b8]

GC Heap History (0 events):
No events

Deoptimization events (0 events):
No events

Internal exceptions (10 events):
Event: 7.902 Thread 0x00000000021ae800 Threw 0x00000000e10c9c38 at C:\jdk7u1_64p\jdk7u5\hotspot\src\share\vm\prims\jni.cpp:1630
Event: 8.033 Thread 0x00000000021ae800 Threw 0x00000000e10d4b58 at C:\jdk7u1_64p\jdk7u5\hotspot\src\share\vm\prims\jvm.cpp:1166
Event: 8.035 Thread 0x00000000021ae800 Threw 0x00000000e10d7320 at C:\jdk7u1_64p\jdk7u5\hotspot\src\share\vm\prims\jvm.cpp:1166
Event: 8.038 Thread 0x00000000021ae800 Threw 0x00000000e10e1d30 at C:\jdk7u1_64p\jdk7u5\hotspot\src\share\vm\prims\jni.cpp:1630
Event: 9.487 Thread 0x00000000021ae800 Threw 0x00000000e11b9d88 at C:\jdk7u1_64p\jdk7u5\hotspot\src\share\vm\prims\jvm.cpp:1166
Event: 9.492 Thread 0x00000000021ae800 Threw 0x00000000e11c4a70 at C:\jdk7u1_64p\jdk7u5\hotspot\src\share\vm\prims\jni.cpp:1630
Event: 13.916 Thread 0x000000000be5c000 Threw 0x00000000e1013c28 at C:\jdk7u1_64p\jdk7u5\hotspot\src\share\vm\prims\jvm.cpp:1166
Event: 13.919 Thread 0x000000000be5c000 Threw 0x00000000e101c938 at C:\jdk7u1_64p\jdk7u5\hotspot\src\share\vm\prims\jni.cpp:1630
Event: 13.922 Thread 0x000000000a1a4800 Threw 0x00000000e1340318 at C:\jdk7u1_64p\jdk7u5\hotspot\src\share\vm\prims\jvm.cpp:1166
Event: 13.936 Thread 0x00000000021ae800 Threw 0x00000000e12e1f38 at C:\jdk7u1_64p\jdk7u5\hotspot\src\share\vm\prims\jvm.cpp:1166

Events (10 events):
Event: 9.487 loading class 0x000000000c1c1950
Event: 9.487 loading class 0x000000000c1c1950 done
Event: 10.444 Thread 0x000000000a1a4800 Thread exited: 0x000000000a1a4800
Event: 13.915 loading class 0x000000000a1b18e0
Event: 13.915 loading class 0x000000000a1b18e0 done
Event: 13.922 Thread 0x000000000a1a4800 Thread added: 0x000000000a1a4800
Event: 13.922 loading class 0x000000000bf15960
Event: 13.922 loading class 0x000000000bf15960 done
Event: 13.935 loading class 0x000000000c0dbf00
Event: 13.936 loading class 0x000000000c0dbf00 done


Dynamic libraries:
0x000000003ffa0000 - 0x000000003ffd3000 	C:\Program Files\Java\jdk1.7.0_05\jre\bin\java.exe
0x00000000776f0000 - 0x0000000077899000 	C:\Windows\SYSTEM32\ntdll.dll
0x00000000775d0000 - 0x00000000776ef000 	C:\Windows\system32\kernel32.dll
0x00000000fd660000 - 0x00000000fd6cc000 	C:\Windows\system32\KERNELBASE.dll
0x00000000fe0b0000 - 0x00000000fe18b000 	C:\Windows\system32\ADVAPI32.dll
0x00000000fe4c0000 - 0x00000000fe55f000 	C:\Windows\system32\msvcrt.dll
0x00000000fe090000 - 0x00000000fe0af000 	C:\Windows\SYSTEM32\sechost.dll
0x00000000fdeb0000 - 0x00000000fdfdd000 	C:\Windows\system32\RPCRT4.dll
0x00000000774d0000 - 0x00000000775ca000 	C:\Windows\system32\USER32.dll
0x00000000fdc90000 - 0x00000000fdcf7000 	C:\Windows\system32\GDI32.dll
0x00000000fe080000 - 0x00000000fe08e000 	C:\Windows\system32\LPK.dll
0x00000000fe3c0000 - 0x00000000fe489000 	C:\Windows\system32\USP10.dll
0x00000000fbe70000 - 0x00000000fc064000 	C:\Windows\WinSxS\amd64_microsoft.windows.common-controls_6595b64144ccf1df_6.0.7601.17514_none_fa396087175ac9ac\COMCTL32.dll
0x00000000fdda0000 - 0x00000000fde11000 	C:\Windows\system32\SHLWAPI.dll
0x00000000fe490000 - 0x00000000fe4be000 	C:\Windows\system32\IMM32.DLL
0x00000000ff2f0000 - 0x00000000ff3f9000 	C:\Windows\system32\MSCTF.dll
0x000000006e9e0000 - 0x000000006eab1000 	C:\Program Files\Java\jdk1.7.0_05\jre\bin\msvcr100.dll
0x000000006d770000 - 0x000000006de8a000 	C:\Program Files\Java\jdk1.7.0_05\jre\bin\server\jvm.dll
0x00000000f99a0000 - 0x00000000f99a9000 	C:\Windows\system32\WSOCK32.dll
0x00000000fe190000 - 0x00000000fe1dd000 	C:\Windows\system32\WS2_32.dll
0x00000000fdea0000 - 0x00000000fdea8000 	C:\Windows\system32\NSI.dll
0x00000000fb330000 - 0x00000000fb36b000 	C:\Windows\system32\WINMM.dll
0x00000000778c0000 - 0x00000000778c7000 	C:\Windows\system32\PSAPI.DLL
0x00000000702f0000 - 0x00000000702ff000 	C:\Program Files\Java\jdk1.7.0_05\jre\bin\verify.dll
0x000000006f6a0000 - 0x000000006f6c8000 	C:\Program Files\Java\jdk1.7.0_05\jre\bin\java.dll
0x000000006f700000 - 0x000000006f715000 	C:\Program Files\Java\jdk1.7.0_05\jre\bin\zip.dll
0x000000006f660000 - 0x000000006f679000 	C:\Program Files\Java\jdk1.7.0_05\jre\bin\net.dll
0x00000000fcc50000 - 0x00000000fcca5000 	C:\Windows\system32\mswsock.dll
0x00000000fcc40000 - 0x00000000fcc47000 	C:\Windows\System32\wship6.dll
0x0000000010000000 - 0x00000000100a8000 	C:\Users\Christina\.swt\lib\win32\x86_64\swt-win32-4332.dll
0x00000000fd870000 - 0x00000000fda73000 	C:\Windows\system32\ole32.dll
0x00000000ff920000 - 0x00000000ff9f7000 	C:\Windows\system32\OLEAUT32.dll
0x00000000fdfe0000 - 0x00000000fe077000 	C:\Windows\system32\comdlg32.dll
0x00000000fe560000 - 0x00000000ff2e9000 	C:\Windows\system32\SHELL32.dll
0x00000000f99d0000 - 0x00000000f9a41000 	C:\Windows\system32\WINSPOOL.DRV
0x00000000ff6d0000 - 0x00000000ff918000 	C:\Windows\system32\WININET.dll
0x00000000fd4d0000 - 0x00000000fd4d4000 	C:\Windows\system32\api-ms-win-downlevel-user32-l1-1-0.dll
0x00000000fd860000 - 0x00000000fd864000 	C:\Windows\system32\api-ms-win-downlevel-shlwapi-l1-1-0.dll
0x00000000fd610000 - 0x00000000fd614000 	C:\Windows\system32\api-ms-win-downlevel-version-l1-1-0.dll
0x00000000fc5b0000 - 0x00000000fc5bc000 	C:\Windows\system32\version.DLL
0x00000000fd5c0000 - 0x00000000fd5c3000 	C:\Windows\system32\api-ms-win-downlevel-normaliz-l1-1-0.dll
0x00000000778b0000 - 0x00000000778b3000 	C:\Windows\system32\normaliz.DLL
0x00000000ff400000 - 0x00000000ff6c7000 	C:\Windows\system32\iertutil.dll
0x00000000fd6d0000 - 0x00000000fd6d5000 	C:\Windows\system32\api-ms-win-downlevel-advapi32-l1-1-0.dll
0x00000000fd5d0000 - 0x00000000fd5ee000 	C:\Windows\system32\USERENV.dll
0x00000000fd4c0000 - 0x00000000fd4cf000 	C:\Windows\system32\profapi.dll
0x00000000fd6f0000 - 0x00000000fd85d000 	C:\Windows\system32\CRYPT32.dll
0x00000000fd4b0000 - 0x00000000fd4bf000 	C:\Windows\system32\MSASN1.dll
0x00000000fbb00000 - 0x00000000fbb56000 	C:\Windows\system32\uxtheme.dll
0x00000000fb5f0000 - 0x00000000fb608000 	C:\Windows\system32\dwmapi.dll
0x00000000fd310000 - 0x00000000fd31f000 	C:\Windows\system32\CRYPTBASE.dll
0x00000000fbb60000 - 0x00000000fbc8c000 	C:\Windows\system32\propsys.dll
0x00000000fdd00000 - 0x00000000fdd99000 	C:\Windows\system32\CLBCatQ.DLL
0x000000006e6a0000 - 0x000000006e834000 	C:\Program Files\Java\jdk1.7.0_05\jre\bin\awt.dll
0x00000000e91a0000 - 0x00000000e9f62000 	C:\Windows\System32\ieframe.dll
0x00000000ef640000 - 0x00000000ef644000 	C:\Windows\System32\api-ms-win-downlevel-shell32-l1-1-0.dll
0x00000000fccb0000 - 0x00000000fccc8000 	C:\Windows\system32\CRYPTSP.dll
0x00000000fc9b0000 - 0x00000000fc9f7000 	C:\Windows\system32\rsaenh.dll
0x00000000f5660000 - 0x00000000f5664000 	C:\Windows\system32\api-ms-win-downlevel-shlwapi-l2-1-0.dll
0x00000000fdb00000 - 0x00000000fdc85000 	C:\Windows\system32\urlmon.dll
0x00000000fd6e0000 - 0x00000000fd6e4000 	C:\Windows\system32\api-ms-win-downlevel-ole32-l1-1-0.dll
0x00000000fd320000 - 0x00000000fd3b1000 	C:\Windows\system32\SXS.DLL
0x00000000fd400000 - 0x00000000fd414000 	C:\Windows\system32\RpcRtRemote.dll
0x00000000fd2b0000 - 0x00000000fd307000 	C:\Windows\system32\apphelp.dll
0x00000000e1560000 - 0x00000000e2d46000 	C:\Windows\System32\mshtml.dll
0x00000000f9450000 - 0x00000000f9454000 	C:\Windows\system32\api-ms-win-downlevel-advapi32-l2-1-0.dll
0x00000000fd250000 - 0x00000000fd25b000 	C:\Windows\system32\Secur32.dll
0x00000000fd280000 - 0x00000000fd2a5000 	C:\Windows\system32\SSPICLI.DLL
0x00000000e4f80000 - 0x00000000e554b000 	C:\Windows\System32\jscript9.dll
0x00000000f9840000 - 0x00000000f984e000 	C:\Windows\system32\msimtf.dll
0x00000000f8650000 - 0x00000000f8692000 	C:\Windows\system32\msls31.dll
0x00000000e5920000 - 0x00000000e5ce4000 	C:\Windows\system32\d2d1.dll
0x00000000e4de0000 - 0x00000000e4f76000 	C:\Windows\system32\DWrite.dll
0x00000000f9680000 - 0x00000000f96dd000 	C:\Windows\system32\dxgi.dll
0x00000000fd620000 - 0x00000000fd65b000 	C:\Windows\system32\WINTRUST.dll
0x00000000e6900000 - 0x00000000e6ad5000 	C:\Windows\system32\d3d11.dll
0x00000000e48e0000 - 0x00000000e4b59000 	C:\Windows\system32\D3D10Warp.dll
0x00000000eaa90000 - 0x00000000eaacb000 	C:\Windows\system32\MLANG.dll
0x00000000fb790000 - 0x00000000fb7db000 	C:\Windows\system32\MMDevAPI.DLL
0x00000000fb280000 - 0x00000000fb2bb000 	C:\Windows\system32\wdmaud.drv
0x00000000750f0000 - 0x00000000750f6000 	C:\Windows\system32\ksuser.dll
0x00000000fbce0000 - 0x00000000fbce9000 	C:\Windows\system32\AVRT.dll
0x00000000fe1e0000 - 0x00000000fe3b7000 	C:\Windows\system32\SETUPAPI.dll
0x00000000fd4e0000 - 0x00000000fd516000 	C:\Windows\system32\CFGMGR32.dll
0x00000000fd5f0000 - 0x00000000fd60a000 	C:\Windows\system32\DEVOBJ.dll
0x00000000fb1e0000 - 0x00000000fb22f000 	C:\Windows\system32\AUDIOSES.DLL
0x00000000fb1d0000 - 0x00000000fb1da000 	C:\Windows\system32\msacm32.drv
0x00000000fb1b0000 - 0x00000000fb1c8000 	C:\Windows\system32\MSACM32.dll
0x00000000fb1a0000 - 0x00000000fb1a9000 	C:\Windows\system32\midimap.dll
0x00000000fadf0000 - 0x00000000fae17000 	C:\Windows\system32\IPHLPAPI.DLL
0x00000000fade0000 - 0x00000000fadeb000 	C:\Windows\system32\WINNSI.DLL
0x00000000fcad0000 - 0x00000000fcb2b000 	C:\Windows\system32\DNSAPI.dll
0x00000000efa10000 - 0x00000000efa84000 	C:\Windows\System32\netprofm.dll
0x00000000fb740000 - 0x00000000fb755000 	C:\Windows\System32\nlaapi.dll
0x00000000fc680000 - 0x00000000fc687000 	C:\Windows\System32\wshtcpip.dll
0x00000000fa8f0000 - 0x00000000fa908000 	C:\Windows\system32\dhcpcsvc.DLL
0x00000000fa8d0000 - 0x00000000fa8e1000 	C:\Windows\system32\dhcpcsvc6.DLL
0x00000000f90f0000 - 0x00000000f911f000 	C:\Program Files\Common Files\Microsoft Shared\Windows Live\WLIDNSP.DLL
0x00000000f89f0000 - 0x00000000f89f8000 	C:\Windows\system32\rasadhlp.dll
0x00000000fa970000 - 0x00000000fa9c3000 	C:\Windows\System32\fwpuclnt.dll
0x00000000ef830000 - 0x00000000ef83c000 	C:\Windows\System32\npmproxy.dll
0x00000000fb440000 - 0x00000000fb5a1000 	C:\Windows\system32\windowscodecs.dll
0x00000000fca40000 - 0x00000000fca97000 	C:\Windows\system32\schannel.DLL
0x00000000fce30000 - 0x00000000fce80000 	C:\Windows\system32\ncrypt.dll
0x00000000fce00000 - 0x00000000fce22000 	C:\Windows\system32\bcrypt.dll
0x00000000fc8f0000 - 0x00000000fc93c000 	C:\Windows\system32\bcryptprimitives.dll
0x00000000fc780000 - 0x00000000fc79b000 	C:\Windows\system32\GPAPI.dll
0x00000000f8d70000 - 0x00000000f8d97000 	C:\Windows\system32\cryptnet.dll
0x00000000fde20000 - 0x00000000fde72000 	C:\Windows\system32\WLDAP32.dll
0x00000000f55b0000 - 0x00000000f55b9000 	C:\Windows\system32\SensApi.dll
0x00000000fb5b0000 - 0x00000000fb5e5000 	C:\Windows\system32\XmlLite.dll
0x00000000f9850000 - 0x00000000f9860000 	C:\Windows\system32\ImgUtil.dll
0x00000000fb760000 - 0x00000000fb78d000 	C:\Windows\system32\ntmarta.dll
0x000000002f480000 - 0x0000000030bd8000 	C:\Windows\system32\Macromed\Flash\Flash64_16_0_0_305.ocx
0x00000000ea4a0000 - 0x00000000ea528000 	C:\Windows\system32\DSOUND.dll
0x00000000fbe40000 - 0x00000000fbe6c000 	C:\Windows\system32\POWRPROF.dll
0x00000000f7a10000 - 0x00000000f7a17000 	C:\Windows\system32\MSIMG32.dll
0x00000000f97c0000 - 0x00000000f97fc000 	C:\Windows\system32\DINPUT8.dll
0x00000000ebb50000 - 0x00000000ebbec000 	C:\Windows\system32\mscms.dll
0x00000000f0400000 - 0x00000000f0525000 	C:\Windows\system32\dbghelp.dll

VM Arguments:
jvm_args: -Dnativeswing.localhostAddress=127.0.0.1 -Djava.library.path=C:\Program Files\Java\jdk1.7.0_05\bin;C:\Windows\Sun\Java\bin;C:\Windows\system32;C:\Windows;C:\ProgramData\Oracle\Java\javapath;C:\Program Files\Java\jdk1.7.0_05/bin;C:\Program Files\Java\jre7/bin;C:\Program Files\Common Files\Microsoft Shared\Windows Live;C:\Program Files (x86)\Common Files\Microsoft Shared\Windows Live;C:\Windows\system32;C:\Windows;C:\Windows\System32\Wbem;C:\Windows\System32\WindowsPowerShell\v1.0\;C:\Program Files (x86)\Windows Live\Shared;C:\Program Files\Intel\WiFi\bin\;C:\Program Files\Common Files\Intel\WirelessCommon\;c:\Program Files (x86)\Microsoft SQL Server\100\Tools\Binn\;c:\Program Files\Microsoft SQL Server\100\Tools\Binn\;c:\Program Files\Microsoft SQL Server\100\DTS\Binn\;C:\Program Files (x86)\QuickTime\QTSystem\;C:\Program Files\MATLAB\LimitedToolboxes\R2014b\bin;C:\Program Files (x86)\MySQL\Connector.J 5.1;C:\apache-maven-3.3.1-bin\apache-maven-3.3.1\bin;C:\Program Files\Java\jdk1.7.0_05\bin;C:\Program Files (x86)\SSH Communications Security\SSH Secure Shell;. 
java_command: chrriis.dj.nativeswing.swtimpl.NativeInterface 1 55768
Launcher Type: SUN_STANDARD

Environment Variables:
JAVA_HOME=C:\Program Files\Java\jdk1.7.0_05
CLASSPATH=.;C:\Program Files\Java\jre7\lib\ext\QTJava.zip;C:\Program Files\Java\jdk1.7.0_05;C:\Program Files\Java\jre7;C:\Program Files\Java\jdk1.7.0_05\bin\mysql-connector-java-5.1.34-bin.jar
PATH=C:\ProgramData\Oracle\Java\javapath;C:\Program Files\Java\jdk1.7.0_05/bin;C:\Program Files\Java\jre7/bin;C:\Program Files\Common Files\Microsoft Shared\Windows Live;C:\Program Files (x86)\Common Files\Microsoft Shared\Windows Live;C:\Windows\system32;C:\Windows;C:\Windows\System32\Wbem;C:\Windows\System32\WindowsPowerShell\v1.0\;C:\Program Files (x86)\Windows Live\Shared;C:\Program Files\Intel\WiFi\bin\;C:\Program Files\Common Files\Intel\WirelessCommon\;c:\Program Files (x86)\Microsoft SQL Server\100\Tools\Binn\;c:\Program Files\Microsoft SQL Server\100\Tools\Binn\;c:\Program Files\Microsoft SQL Server\100\DTS\Binn\;C:\Program Files (x86)\QuickTime\QTSystem\;C:\Program Files\MATLAB\LimitedToolboxes\R2014b\bin;C:\Program Files (x86)\MySQL\Connector.J 5.1;C:\apache-maven-3.3.1-bin\apache-maven-3.3.1\bin;C:\Program Files\Java\jdk1.7.0_05\bin;C:\Program Files (x86)\SSH Communications Security\SSH Secure Shell
USERNAME=Christina
OS=Windows_NT
PROCESSOR_IDENTIFIER=Intel64 Family 6 Model 42 Stepping 7, GenuineIntel



---------------  S Y S T E M  ---------------

OS: Windows 7 , 64 bit Build 7601 Service Pack 1

CPU:total 4 (2 cores per cpu, 2 threads per core) family 6 model 42 stepping 7, cmov, cx8, fxsr, mmx, sse, sse2, sse3, ssse3, sse4.1, sse4.2, popcnt, avx, ht, tsc, tscinvbit

Memory: 4k page, physical 6194312k(2232964k free), swap 12386768k(6123512k free)

vm_info: Java HotSpot(TM) 64-Bit Server VM (23.1-b03) for windows-amd64 JRE (1.7.0_05-b06), built on Jun 27 2012 00:54:58 by "java_re" with unknown MS VC++:1600

time: Tue Apr 14 10:23:48 2015
elapsed time: 15 seconds

